<?xml version="1.0" encoding="UTF-8"?>
<!-- Generated by org.testng.reporters.JUnitReportReporter -->
<testsuite skipped="0" hostname="DGT-SYS-013" name="com.yosi.testscript.AppoinmentType1" tests="17" failures="0" timestamp="11 Oct 2018 04:51:55 GMT" time="42.287" errors="0">
  <testcase name="start_paperwork" time="4.108" classname="com.yosi.testscript.AppoinmentType1"/>
  <testcase name="select_doctor" time="2.867" classname="com.yosi.testscript.AppoinmentType1"/>
  <testcase name="verify_page" time="1.544" classname="com.yosi.testscript.AppoinmentType1"/>
  <testcase name="patient_info" time="1.829" classname="com.yosi.testscript.AppoinmentType1"/>
  <testcase name="patient_guarantor" time="2.304" classname="com.yosi.testscript.AppoinmentType1"/>
  <testcase name="insurance_info" time="8.541" classname="com.yosi.testscript.AppoinmentType1"/>
  <testcase name="patient_lifestyle" time="1.115" classname="com.yosi.testscript.AppoinmentType1"/>
  <testcase name="patient_past_medical" time="1.292" classname="com.yosi.testscript.AppoinmentType1"/>
  <testcase name="patient_rx_info" time="2.504" classname="com.yosi.testscript.AppoinmentType1"/>
  <testcase name="addition_page" time="1.410" classname="com.yosi.testscript.AppoinmentType1"/>
  <testcase name="medical_history_page" time="1.956" classname="com.yosi.testscript.AppoinmentType1"/>
  <testcase name="phq_page" time="3.453" classname="com.yosi.testscript.AppoinmentType1"/>
  <testcase name="gad_page" time="1.988" classname="com.yosi.testscript.AppoinmentType1"/>
  <testcase name="encounter_page" time="1.697" classname="com.yosi.testscript.AppoinmentType1"/>
  <testcase name="policy1_page" time="1.634" classname="com.yosi.testscript.AppoinmentType1"/>
  <testcase name="policy2_page" time="2.125" classname="com.yosi.testscript.AppoinmentType1"/>
  <testcase name="signature_page" time="1.920" classname="com.yosi.testscript.AppoinmentType1"/>
</testsuite> <!-- com.yosi.testscript.AppoinmentType1 -->
