<?xml version="1.0" encoding="UTF-8"?>
<!-- Generated by org.testng.reporters.JUnitReportReporter -->
<testsuite skipped="0" hostname="DGT-SYS-013" name="com.yosi.testscript.Insurance_Page_TC" tests="3" failures="0" timestamp="23 Oct 2018 11:09:25 GMT" time="7.230" errors="0">
  <testcase name="insurance_info_test" time="2.088" classname="com.yosi.testscript.Insurance_Page_TC"/>
  <testcase name="insurance_info_test" time="2.178" classname="com.yosi.testscript.Insurance_Page_TC"/>
  <testcase name="insurance_info_test" time="2.964" classname="com.yosi.testscript.Insurance_Page_TC"/>
</testsuite> <!-- com.yosi.testscript.Insurance_Page_TC -->
