<?xml version="1.0" encoding="UTF-8"?>
<!-- Generated by org.testng.reporters.JUnitReportReporter -->
<testsuite skipped="0" hostname="DGT-SYS-013" name="com.yosi.testscript.Emergency_Cont_TC" tests="2" failures="0" timestamp="10 Oct 2018 08:16:30 GMT" time="1.763" errors="0">
  <testcase name="insurance_info_test" time="1.226" classname="com.yosi.testscript.Emergency_Cont_TC"/>
  <testcase name="insurance_info_test" time="0.537" classname="com.yosi.testscript.Emergency_Cont_TC"/>
</testsuite> <!-- com.yosi.testscript.Emergency_Cont_TC -->
