<?xml version="1.0" encoding="UTF-8"?>
<!-- Generated by org.testng.reporters.JUnitReportReporter -->
<testsuite skipped="0" hostname="DGT-SYS-013" name="com.yosi.testscript.Signature_Page_TC" tests="1" failures="0" timestamp="11 Oct 2018 05:22:22 GMT" time="1.184" errors="0">
  <testcase name="signature_page" time="1.184" classname="com.yosi.testscript.Signature_Page_TC"/>
</testsuite> <!-- com.yosi.testscript.Signature_Page_TC -->
